生成启动时间为 2013/11/7 19:11:17。
     1>项目“D:\vs程序\可运行车牌\imgShow\imgShow.vcxproj”在节点 2 上(rebuild 个目标)。
     1>_PrepareForClean:
         正在删除文件“Debug\imgShow.lastbuildstate”。
       InitializeBuildStatus:
         正在创建“Debug\imgShow.unsuccessfulbuild”，因为已指定“AlwaysCreate”。
       ClCompile:
         C:\Program Files\Microsoft Visual Studio 10.0\VC\bin\CL.exe /c /ZI /nologo /W3 /WX- /Od /Oy- /D WIN32 /D _DEBUG /D _CONSOLE /D _UNICODE /D UNICODE /Gm /EHsc /RTC1 /MDd /GS /fp:precise /Zc:wchar_t /Zc:forScope /Yc"StdAfx.h" /Fp"Debug\imgShow.pch" /Fo"Debug\\" /Fd"Debug\vc100.pdb" /Gd /TP /analyze- /errorReport:prompt stdafx.cpp
         stdafx.cpp
         C:\Program Files\Microsoft Visual Studio 10.0\VC\bin\CL.exe /c /ZI /nologo /W3 /WX- /Od /Oy- /D WIN32 /D _DEBUG /D _CONSOLE /D _UNICODE /D UNICODE /Gm /EHsc /RTC1 /MDd /GS /fp:precise /Zc:wchar_t /Zc:forScope /Yu"StdAfx.h" /Fp"Debug\imgShow.pch" /Fo"Debug\\" /Fd"Debug\vc100.pdb" /Gd /TP /analyze- /errorReport:prompt imgShow.cpp
         imgShow.cpp
     1>d:\opencv2.3.1\opencv\build\include\opencv2\flann\logger.h(66): warning C4996: 'fopen': This function or variable may be unsafe. Consider using fopen_s instead. To disable deprecation, use _CRT_SECURE_NO_WARNINGS. See online help for details.
                 c:\program files\microsoft visual studio 10.0\vc\include\stdio.h(234) : 参见“fopen”的声明
     1>d:\opencv2.3.1\opencv\build\include\opencv2\flann\flann.hpp(233): warning C4996: 'cv::flann::Index_<T>': 被声明为已否决
                 d:\opencv2.3.1\opencv\build\include\opencv2\flann\flann.hpp(278): 参见对正在编译的类 模板 实例化“cv::flann::Index_<T>”的引用
       ManifestResourceCompile:
         C:\Program Files\Microsoft SDKs\Windows\v7.0A\bin\rc.exe /nologo /fo"Debug\imgShow.exe.embed.manifest.res" Debug\imgShow_manifest.rc 
       Link:
         C:\Program Files\Microsoft Visual Studio 10.0\VC\bin\link.exe /ERRORREPORT:PROMPT /OUT:"D:\vs程序\可运行车牌\Debug\imgShow.exe" /INCREMENTAL /NOLOGO /LIBPATH:D:\openCv2.3.1\opencv\build\x86\vc10\lib kernel32.lib user32.lib gdi32.lib winspool.lib comdlg32.lib advapi32.lib shell32.lib ole32.lib oleaut32.lib uuid.lib odbc32.lib odbccp32.lib D:\openCv2.3.1\opencv\build\x86\vc10\lib\opencv_highgui231d.lib opencv_calib3d231d.lib opencv_contrib231d.lib opencv_core231d.lib opencv_features2d231d.lib opencv_flann231d.lib opencv_gpu231d.lib opencv_highgui231d.lib opencv_imgproc231d.lib opencv_legacy231d.lib opencv_ml231d.lib opencv_objdetect231d.lib opencv_ts231d.lib opencv_video231d.lib /MANIFEST /ManifestFile:"Debug\imgShow.exe.intermediate.manifest" /MANIFESTUAC:"level='asInvoker' uiAccess='false'" /DEBUG /PDB:"D:\vs程序\可运行车牌\Debug\imgShow.pdb" /SUBSYSTEM:CONSOLE /TLBID:1 /DYNAMICBASE /NXCOMPAT /IMPLIB:"D:\vs程序\可运行车牌\Debug\imgShow.lib" /MACHINE:X86 Debug\imgShow.exe.embed.manifest.res
         Debug\imgShow.obj
         Debug\stdafx.obj
       Manifest:
         正在删除文件“Debug\imgShow.exe.embed.manifest”。
         C:\Program Files\Microsoft SDKs\Windows\v7.0A\bin\mt.exe /nologo /verbose /out:"Debug\imgShow.exe.embed.manifest" /manifest Debug\imgShow.exe.intermediate.manifest
         C:\Program Files\Microsoft SDKs\Windows\v7.0A\bin\rc.exe /nologo /fo"Debug\imgShow.exe.embed.manifest.res" Debug\imgShow_manifest.rc 
       LinkEmbedManifest:
         C:\Program Files\Microsoft Visual Studio 10.0\VC\bin\link.exe /ERRORREPORT:PROMPT /OUT:"D:\vs程序\可运行车牌\Debug\imgShow.exe" /INCREMENTAL /NOLOGO /LIBPATH:D:\openCv2.3.1\opencv\build\x86\vc10\lib kernel32.lib user32.lib gdi32.lib winspool.lib comdlg32.lib advapi32.lib shell32.lib ole32.lib oleaut32.lib uuid.lib odbc32.lib odbccp32.lib D:\openCv2.3.1\opencv\build\x86\vc10\lib\opencv_highgui231d.lib opencv_calib3d231d.lib opencv_contrib231d.lib opencv_core231d.lib opencv_features2d231d.lib opencv_flann231d.lib opencv_gpu231d.lib opencv_highgui231d.lib opencv_imgproc231d.lib opencv_legacy231d.lib opencv_ml231d.lib opencv_objdetect231d.lib opencv_ts231d.lib opencv_video231d.lib /MANIFEST /ManifestFile:"Debug\imgShow.exe.intermediate.manifest" /MANIFESTUAC:"level='asInvoker' uiAccess='false'" /DEBUG /PDB:"D:\vs程序\可运行车牌\Debug\imgShow.pdb" /SUBSYSTEM:CONSOLE /TLBID:1 /DYNAMICBASE /NXCOMPAT /IMPLIB:"D:\vs程序\可运行车牌\Debug\imgShow.lib" /MACHINE:X86 Debug\imgShow.exe.embed.manifest.res
         Debug\imgShow.obj
         Debug\stdafx.obj
         imgShow.vcxproj -> D:\vs程序\可运行车牌\Debug\imgShow.exe
       FinalizeBuildStatus:
         正在删除文件“Debug\imgShow.unsuccessfulbuild”。
         正在对“Debug\imgShow.lastbuildstate”执行 Touch 任务。
     1>已完成生成项目“D:\vs程序\可运行车牌\imgShow\imgShow.vcxproj”(rebuild 个目标)的操作。

生成成功。

已用时间 00:00:11.78
