D:\VS程序\可运行车牌\DEBUG\IMGSHOW.EXE
D:\VS程序\可运行车牌\DEBUG\IMGSHOW.ILK
D:\VS程序\可运行车牌\DEBUG\IMGSHOW.PDB
D:\vs程序\可运行车牌\imgShow\Debug\cl.command.1.tlog
D:\vs程序\可运行车牌\imgShow\Debug\CL.read.1.tlog
D:\vs程序\可运行车牌\imgShow\Debug\CL.write.1.tlog
D:\VS程序\可运行车牌\IMGSHOW\DEBUG\IMGSHOW.EXE.EMBED.MANIFEST
D:\VS程序\可运行车牌\IMGSHOW\DEBUG\IMGSHOW.EXE.EMBED.MANIFEST.RES
D:\VS程序\可运行车牌\IMGSHOW\DEBUG\IMGSHOW.EXE.INTERMEDIATE.MANIFEST
D:\VS程序\可运行车牌\IMGSHOW\DEBUG\IMGSHOW.OBJ
D:\VS程序\可运行车牌\IMGSHOW\DEBUG\IMGSHOW.PCH
D:\vs程序\可运行车牌\imgShow\Debug\imgShow_manifest.rc
D:\vs程序\可运行车牌\imgShow\Debug\link.2328.read.1.tlog
D:\vs程序\可运行车牌\imgShow\Debug\link.2328.write.1.tlog
D:\vs程序\可运行车牌\imgShow\Debug\link.2328-cvtres.read.1.tlog
D:\vs程序\可运行车牌\imgShow\Debug\link.2328-cvtres.write.1.tlog
D:\vs程序\可运行车牌\imgShow\Debug\link.command.1.tlog
D:\vs程序\可运行车牌\imgShow\Debug\link.read.1.tlog
D:\vs程序\可运行车牌\imgShow\Debug\link.write.1.tlog
D:\vs程序\可运行车牌\imgShow\Debug\link-cvtres.read.1.tlog
D:\vs程序\可运行车牌\imgShow\Debug\link-cvtres.write.1.tlog
D:\vs程序\可运行车牌\imgShow\Debug\mt.command.1.tlog
D:\vs程序\可运行车牌\imgShow\Debug\mt.read.1.tlog
D:\vs程序\可运行车牌\imgShow\Debug\mt.write.1.tlog
D:\vs程序\可运行车牌\imgShow\Debug\rc.command.1.tlog
D:\vs程序\可运行车牌\imgShow\Debug\rc.read.1.tlog
D:\vs程序\可运行车牌\imgShow\Debug\rc.write.1.tlog
D:\VS程序\可运行车牌\IMGSHOW\DEBUG\STDAFX.OBJ
D:\vs程序\可运行车牌\imgShow\Debug\vc100.idb
D:\VS程序\可运行车牌\IMGSHOW\DEBUG\VC100.PDB
